[debug] [2023-01-28T14:11:50.796Z] ----------------------------------------------------------------------
[debug] [2023-01-28T14:11:50.798Z] Command:       C:\Program Files\nodejs\node.exe C:\Users\bhand\AppData\Roaming\npm\node_modules\firebase-tools\lib\bin\firebase.js init
[debug] [2023-01-28T14:11:50.798Z] CLI Version:   11.21.0
[debug] [2023-01-28T14:11:50.798Z] Platform:      win32
[debug] [2023-01-28T14:11:50.798Z] Node Version:  v16.16.0
[debug] [2023-01-28T14:11:50.799Z] Time:          Sat Jan 28 2023 19:41:50 GMT+0530 (India Standard Time)
[debug] [2023-01-28T14:11:50.799Z] ----------------------------------------------------------------------
[debug] 
[debug] [2023-01-28T14:11:50.806Z] > command requires scopes: ["email","openid","https://www.googleapis.com/auth/cloudplatformprojects.readonly","https://www.googleapis.com/auth/firebase","https://www.googleapis.com/auth/cloud-platform"]
[debug] [2023-01-28T14:11:50.806Z] > authorizing via signed-in user (bhandari.jhalak2018@gmail.com)
[info] 
     ######## #### ########  ######## ########     ###     ######  ########
     ##        ##  ##     ## ##       ##     ##  ##   ##  ##       ##
     ######    ##  ########  ######   ########  #########  ######  ######
     ##        ##  ##    ##  ##       ##     ## ##     ##       ## ##
     ##       #### ##     ## ######## ########  ##     ##  ######  ########

You're about to initialize a Firebase project in this directory:

  C:\Users\bhand\OneDrive\Desktop\Type-Project

[info] 
=== Project Setup
[info] 
[info] First, let's associate this project directory with a Firebase project.
[info] You can create multiple project aliases by running firebase use --add, 
[info] but for now we'll just set up a default project.
[info] 
[debug] [2023-01-28T14:12:26.306Z] > refreshing access token with scopes: []
[debug] [2023-01-28T14:12:26.307Z] >>> [apiv2][query] POST https://www.googleapis.com/oauth2/v3/token [none]
[debug] [2023-01-28T14:12:26.307Z] >>> [apiv2][body] POST https://www.googleapis.com/oauth2/v3/token [omitted]
[debug] [2023-01-28T14:12:26.683Z] <<< [apiv2][status] POST https://www.googleapis.com/oauth2/v3/token 200
[debug] [2023-01-28T14:12:26.683Z] <<< [apiv2][body] POST https://www.googleapis.com/oauth2/v3/token [omitted]
[debug] [2023-01-28T14:12:26.691Z] >>> [apiv2][query] GET https://firebase.googleapis.com/v1beta1/projects pageSize=100
[debug] [2023-01-28T14:12:27.499Z] <<< [apiv2][status] GET https://firebase.googleapis.com/v1beta1/projects 200
[debug] [2023-01-28T14:12:27.500Z] <<< [apiv2][body] GET https://firebase.googleapis.com/v1beta1/projects [omitted]
[info] i  Using project typescript-to-do-app-d377b (Typescript-To-do-app) 
[info] 
=== Hosting Setup
[info] 
[info] Your public directory is the folder (relative to your project directory) that
[info] will contain Hosting assets to be uploaded with firebase deploy. If you
[info] have a build process for your assets, use your build's output directory.
[info] 
[info] +  Wrote public/404.html 
[debug] [2023-01-28T14:14:32.431Z] >>> [apiv2][query] GET https://www.gstatic.com/firebasejs/releases.json [none]
[debug] [2023-01-28T14:14:32.538Z] <<< [apiv2][status] GET https://www.gstatic.com/firebasejs/releases.json 200
[debug] [2023-01-28T14:14:32.538Z] <<< [apiv2][body] GET https://www.gstatic.com/firebasejs/releases.json {"current":{"version":"9.16.0","browserURL":"https://www.gstatic.com/firebasejs/9.16.0/firebase.js","packageURL":"https://www.gstatic.com/firebasejs/9.16.0/firebase.tgz"},"live":{"version":"9.16","browserURL":"https://www.gstatic.com/firebasejs/live/9.16/firebase.js","packageURL":"https://www.gstatic.com/firebasejs/live/9.16/firebase.tgz"},"components":{"analytics":"https://www.gstatic.com/firebasejs/9.16.0/firebase-analytics.js","app":"https://www.gstatic.com/firebasejs/9.16.0/firebase-app.js","app-check":"https://www.gstatic.com/firebasejs/9.16.0/firebase-app-check.js","auth":"https://www.gstatic.com/firebasejs/9.16.0/firebase-auth.js","auth/cordova":"https://www.gstatic.com/firebasejs/9.16.0/firebase-auth/cordova.js","auth/react-native":"https://www.gstatic.com/firebasejs/9.16.0/firebase-auth/react-native.js","functions":"https://www.gstatic.com/firebasejs/9.16.0/firebase-functions.js","firestore":"https://www.gstatic.com/firebasejs/9.16.0/firebase-firestore.js","firestore/lite":"https://www.gstatic.com/firebasejs/9.16.0/firebase-firestore/lite.js","installations":"https://www.gstatic.com/firebasejs/9.16.0/firebase-installations.js","storage":"https://www.gstatic.com/firebasejs/9.16.0/firebase-storage.js","performance":"https://www.gstatic.com/firebasejs/9.16.0/firebase-performance.js","remote-config":"https://www.gstatic.com/firebasejs/9.16.0/firebase-remote-config.js","messaging":"https://www.gstatic.com/firebasejs/9.16.0/firebase-messaging.js","messaging/sw":"https://www.gstatic.com/firebasejs/9.16.0/firebase-messaging/sw.js","database":"https://www.gstatic.com/firebasejs/9.16.0/firebase-database.js","firestore.memory":"https://www.gstatic.com/firebasejs/9.16.0/firebase-firestore.memory.js"}}
[info] +  Wrote public/index.html 
[info] 
[info] i  Didn't detect a .git folder. Assuming C:\Users\bhand\OneDrive\Desktop\Type-Project is the project root. 
[info] i  Authorizing with GitHub to upload your service account to a GitHub repository's secrets store. 
[info] 
[info] Visit this URL on this device to log in:
[info] https://github.com/login/oauth/authorize?client_id=89cf50f02ac6aaed3484&state=98710316&redirect_uri=http%3A%2F%2Flocalhost%3A9005&scope=read%3Auser%20repo%20public_repo
[info] 
[info] Waiting for authentication...
[debug] [2023-01-28T14:14:53.460Z] >>> [apiv2][query] POST https://github.com/login/oauth/access_token [none]
[debug] [2023-01-28T14:14:53.461Z] >>> [apiv2][body] POST https://github.com/login/oauth/access_token [stream]
[debug] [2023-01-28T14:14:53.915Z] <<< [apiv2][status] POST https://github.com/login/oauth/access_token 200
[debug] [2023-01-28T14:14:53.915Z] <<< [apiv2][body] POST https://github.com/login/oauth/access_token {"access_token":"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","token_type":"bearer","scope":"read:user,repo"}
[debug] [2023-01-28T14:14:53.922Z] >>> [apiv2][query] GET https://api.github.com/user [none]
[debug] [2023-01-28T14:14:54.366Z] <<< [apiv2][status] GET https://api.github.com/user 200
[debug] [2023-01-28T14:14:54.367Z] <<< [apiv2][body] GET https://api.github.com/user {"login":"jhalakbhandari","id":82494331,"node_id":"MDQ6VXNlcjgyNDk0MzMx","avatar_url":"https://avatars.githubusercontent.com/u/82494331?v=4","gravatar_id":"","url":"https://api.github.com/users/jhalakbhandari","html_url":"https://github.com/jhalakbhandari","followers_url":"https://api.github.com/users/jhalakbhandari/followers","following_url":"https://api.github.com/users/jhalakbhandari/following{/other_user}","gists_url":"https://api.github.com/users/jhalakbhandari/gists{/gist_id}","starred_url":"https://api.github.com/users/jhalakbhandari/starred{/owner}{/repo}","subscriptions_url":"https://api.github.com/users/jhalakbhandari/subscriptions","organizations_url":"https://api.github.com/users/jhalakbhandari/orgs","repos_url":"https://api.github.com/users/jhalakbhandari/repos","events_url":"https://api.github.com/users/jhalakbhandari/events{/privacy}","received_events_url":"https://api.github.com/users/jhalakbhandari/received_events","type":"User","site_admin":false,"name":null,"company":null,"blog":"","location":null,"email":null,"hireable":null,"bio":null,"twitter_username":null,"public_repos":12,"public_gists":1,"followers":1,"following":2,"created_at":"2021-04-14T05:52:26Z","updated_at":"2023-01-22T13:37:58Z","private_gists":0,"total_private_repos":9,"owned_private_repos":9,"disk_usage":141704,"collaborators":0,"two_factor_authentication":false,"plan":{"name":"pro","space":976562499,"collaborators":0,"private_repos":9999}}
[info] 
[info] +  Success! Logged into GitHub as jhalakbhandari 
[info] 
[debug] [2023-01-28T14:15:08.161Z] >>> [apiv2][query] GET https://api.github.com/repos//actions/secrets/public-key type=owner
[debug] [2023-01-28T14:15:08.520Z] <<< [apiv2][status] GET https://api.github.com/repos//actions/secrets/public-key 404
[debug] [2023-01-28T14:15:08.520Z] <<< [apiv2][body] GET https://api.github.com/repos//actions/secrets/public-key {"message":"Not Found","documentation_url":"https://docs.github.com/rest"}
[debug] [2023-01-28T14:15:09.635Z] >>> [apiv2][query] GET https://api.github.com/repos//actions/secrets/public-key type=owner
[debug] [2023-01-28T14:15:10.032Z] <<< [apiv2][status] GET https://api.github.com/repos//actions/secrets/public-key 404
[debug] [2023-01-28T14:15:10.032Z] <<< [apiv2][body] GET https://api.github.com/repos//actions/secrets/public-key {"message":"Not Found","documentation_url":"https://docs.github.com/rest"}
[debug] [2023-01-28T14:15:18.519Z] >>> [apiv2][query] GET https://api.github.com/repos/y/actions/secrets/public-key type=owner
[debug] [2023-01-28T14:15:18.898Z] <<< [apiv2][status] GET https://api.github.com/repos/y/actions/secrets/public-key 404
[debug] [2023-01-28T14:15:18.898Z] <<< [apiv2][body] GET https://api.github.com/repos/y/actions/secrets/public-key {"message":"Not Found","documentation_url":"https://docs.github.com/rest"}
[debug] [2023-01-28T14:15:40.311Z] >>> [apiv2][query] GET https://api.github.com/repos//actions/secrets/public-key type=owner
[debug] [2023-01-28T14:15:40.610Z] >>> [apiv2][query] GET https://api.github.com/repos//actions/secrets/public-key type=owner
[debug] [2023-01-28T14:15:40.659Z] <<< [apiv2][status] GET https://api.github.com/repos//actions/secrets/public-key 404
[debug] [2023-01-28T14:15:40.659Z] <<< [apiv2][body] GET https://api.github.com/repos//actions/secrets/public-key {"message":"Not Found","documentation_url":"https://docs.github.com/rest"}
[debug] [2023-01-28T14:15:40.773Z] >>> [apiv2][query] GET https://api.github.com/repos//actions/secrets/public-key type=owner
[debug] [2023-01-28T14:15:40.944Z] <<< [apiv2][status] GET https://api.github.com/repos//actions/secrets/public-key 404
[debug] [2023-01-28T14:15:40.944Z] <<< [apiv2][body] GET https://api.github.com/repos//actions/secrets/public-key {"message":"Not Found","documentation_url":"https://docs.github.com/rest"}
[debug] [2023-01-28T14:15:41.109Z] <<< [apiv2][status] GET https://api.github.com/repos//actions/secrets/public-key 404
[debug] [2023-01-28T14:15:41.110Z] <<< [apiv2][body] GET https://api.github.com/repos//actions/secrets/public-key {"message":"Not Found","documentation_url":"https://docs.github.com/rest"}
[debug] [2023-01-28T14:16:37.697Z] >>> [apiv2][query] GET https://api.github.com/repos/jhalakbhandari/Typescript-To-Do/actions/secrets/public-key type=owner
[debug] [2023-01-28T14:16:38.051Z] <<< [apiv2][status] GET https://api.github.com/repos/jhalakbhandari/Typescript-To-Do/actions/secrets/public-key 404
[debug] [2023-01-28T14:16:38.051Z] <<< [apiv2][body] GET https://api.github.com/repos/jhalakbhandari/Typescript-To-Do/actions/secrets/public-key {"message":"Not Found","documentation_url":"https://docs.github.com/rest/reference/actions#get-a-repository-public-key"}
